Seed = She
Sentence 0: She took ; so very ridiculous crab came home with the
Sentence 1: She saw six bones of long way towards him , as
Sentence 2: She raised his wings in .
Sentence 3: She lifted up in a king went on the trees and
Sentence 4: She smiled back to the night .
Sentence 5: She said , ` that ferko 's hear it would n't
Sentence 6: She is far enough -- miss salome , if he --
Sentence 7: She saw a little toad .
Sentence 8: She went unhindered up long after the bridge trees , for
Sentence 9: She began feeding again , but it .
Seed = I
Sentence 0: I 've taught him out of the door in rosalie was
Sentence 1: I will do n't for yourselves in front .
Sentence 2: I to you 're right and begged for many mills standing
Sentence 3: I wear a virtue of this is all .
Sentence 4: I have said the minute or the dust goes in that
Sentence 5: I shall not if all spoke of willie hayden 's sickness
Sentence 6: I 'm sorry for other two bottles of the amir ,
Sentence 7: I put out of mind at that by side of trouble
Sentence 8: I heard a little boy grew stout hind quarters ?
Sentence 9: I -- edward and i have always something wrong , looking
Seed = Old
Sentence 0: Old bear laughed harder for the roses with the whole department
Sentence 1: Old sea people near to beat them with lumps .
Sentence 2: Old man plagues me , ' said the moon , and
Sentence 3: Old hay-bales ?
Sentence 4: Old brown , and did they had always remember now ,
Sentence 5: Old man to the entire court was the swineherd -- a
Sentence 6: Old enough , a few minutes later a long as still
Sentence 7: Old perch and silly , very thing than ever so cheered
Sentence 8: Old magician said merran spitefully .
Sentence 9: Old man waves .
